2021-04-23 09:39:32.6005 AllServer 0001 (Program.cs:36) server start........................ 1 AllServer
2021-04-23 09:56:39.5957 AllServer 0001 (Program.cs:36) server start........................ 1 AllServer
2021-04-23 10:13:00.2044 AllServer 0001 (Program.cs:36) server start........................ 1 AllServer
2021-04-23 10:30:53.5298 AllServer 0001 (Program.cs:36) server start........................ 1 AllServer
2021-04-23 10:53:04.8537 AllServer 0001 (Program.cs:36) server start........................ 1 AllServer
2021-04-23 10:57:56.2486 AllServer 0001 (Program.cs:36) server start........................ 1 AllServer
2021-04-23 11:28:59.8029 AllServer 0001 (Program.cs:36) server start........................ 1 AllServer
2021-04-23 11:31:40.7752 AllServer 0001 (Program.cs:36) server start........................ 1 AllServer
2021-04-23 11:50:36.1443 AllServer 0001 (Program.cs:36) server start........................ 1 AllServer
2021-04-23 12:10:24.1768 AllServer 0001 (Program.cs:36) server start........................ 1 AllServer
2021-04-23 12:16:51.0846 AllServer 0001 (Program.cs:36) server start........................ 1 AllServer
2021-04-23 12:23:32.2385 AllServer 0001 (Program.cs:36) server start........................ 1 AllServer
2021-04-23 12:30:20.3742 AllServer 0001 (Program.cs:36) server start........................ 1 AllServer
2021-04-23 12:57:53.8884 AllServer 0001 (Program.cs:36) server start........................ 1 AllServer
2021-04-23 13:05:42.9817 AllServer 0001 (Program.cs:36) server start........................ 1 AllServer
2021-04-23 13:06:43.6471 AllServer 0001 (Program.cs:36) server start........................ 1 AllServer
2021-04-23 13:22:22.0262 AllServer 0001 (Program.cs:36) server start........................ 1 AllServer
2021-04-23 13:28:14.9996 AllServer 0001 (Program.cs:36) server start........................ 1 AllServer
2021-04-23 13:28:31.2994 AllServer 0001 (SessionUserComponentSystem.cs:14) 销毁User和Session101619154416
2021-04-23 13:28:31.3147 AllServer 0001 (A0005_PlayerOffline.cs:13) 玩家101619154416下线
2021-04-23 13:28:47.3988 AllServer 0001 (SessionUserComponentSystem.cs:14) 销毁User和Session101619154416
2021-04-23 13:28:47.4148 AllServer 0001 (A0005_PlayerOffline.cs:13) 玩家101619154416下线
2021-04-23 16:34:32.2725 AllServer 0001 (Program.cs:36) server start........................ 1 AllServer
2021-04-23 16:35:01.7882 AllServer 0001 (LocationComponent.cs:62) location add key: 281474976710742 instanceId: 281474976710742
2021-04-23 16:35:01.8196 AllServer 0001 (LocationComponent.cs:62) location add key: 281474976710744 instanceId: 281474976710744
2021-04-23 16:35:01.8342 AllServer 0001 (LandMatchComponentSystem.cs:108) 玩家101619154416进入房间
2021-04-23 16:35:01.8581 AllServer 0001 (M2G_MatchSucess_Handler.cs:11) 玩家101619154416匹配成功 更新客户端Actor转发向Gamer
2021-04-23 16:35:28.6103 AllServer 0001 (SessionUserComponentSystem.cs:14) 销毁User和Session101619154416
2021-04-23 16:35:28.6263 AllServer 0001 (A0005_PlayerOffline.cs:13) 玩家101619154416下线
2021-04-23 16:38:36.4852 AllServer 0001 (M2G_MatchSucess_Handler.cs:11) 玩家101619154416匹配成功 更新客户端Actor转发向Gamer
2021-04-23 16:38:40.7531 AllServer 0001 (SessionUserComponentSystem.cs:14) 销毁User和Session101619154416
2021-04-23 16:38:40.7691 AllServer 0001 (A0005_PlayerOffline.cs:13) 玩家101619154416下线
